0 info it worked if it ends with ok
1 verbose cli [ 'C:\\Program Files\\nodejs\\node.exe',
1 verbose cli   'C:\\Program Files\\nodejs\\node_modules\\npm\\bin\\npm-cli.js',
1 verbose cli   'run',
1 verbose cli   'start' ]
2 info using npm@3.8.9
3 info using node@v6.2.0
4 verbose run-script [ 'prestart', 'start', 'poststart' ]
5 info lifecycle cms@0.0.0~prestart: cms@0.0.0
6 silly lifecycle cms@0.0.0~prestart: no script for prestart, continuing
7 info lifecycle cms@0.0.0~start: cms@0.0.0
8 verbose lifecycle cms@0.0.0~start: unsafe-perm in lifecycle true
9 verbose lifecycle cms@0.0.0~start: PATH: C:\Program Files\nodejs\node_modules\npm\bin\node-gyp-bin;D:\cms\node_modules\.bin;C:\Program Files\nodejs;C:\Python27\;C:\Python27\Scripts;C:\Ruby23-x64\bin;D:\apache-maven-3.3.3\bin;C:\Windows\system32;C:\Windows;C:\Windows\System32\Wbem;C:\Windows\System32\WindowsPowerShell\v1.0\;%QUARTUS_ROOTDIR%\bin;%QESS_ROOTDIR%\bin;c:\Program Files (x86)\Microsoft SQL Server\100\Tools\Binn\;c:\Program Files\Microsoft SQL Server\100\Tools\Binn\;c:\Program Files\Microsoft SQL Server\100\DTS\Binn\;C:\Program Files\Java\jdk1.7.0_79\bin;C:\Program Files\Java\jre7\bin;C:\Program Files\MySQL\MySQL Server 5.5\bin;C:\Program Files\TortoiseGit\bin;D:\lessc\less;D:\phptool\php5.6.19;D:\phptool\php5.6.19\ext;C:\ProgramData\ComposerSetup\bin;C:\Program Files\nodejs\;D:\mysql\mysql-5.7.17-winx64\bin;D:\MySQL\bin;C:\Program Files (x86)\Windows Kits\10\Windows Performance Toolkit\;C:\Program Files\Microsoft SQL Server\130\Tools\Binn\;D:\Git\Git\cmd;D:\nodejs\node_global\;D:\mongodb\bin;C:\Users\money-Lee\AppData\Roaming\Composer\vendor\bin;C:\Users\money-Lee\AppData\Roaming\npm
10 verbose lifecycle cms@0.0.0~start: CWD: D:\cms
11 silly lifecycle cms@0.0.0~start: Args: [ '/d /s /c', 'node ./bin/www' ]
12 silly lifecycle cms@0.0.0~start: Returned: code: 1  signal: null
13 info lifecycle cms@0.0.0~start: Failed to exec start script
14 verbose stack Error: cms@0.0.0 start: `node ./bin/www`
14 verbose stack Exit status 1
14 verbose stack     at EventEmitter.<anonymous> (C:\Program Files\nodejs\node_modules\npm\lib\utils\lifecycle.js:245:16)
14 verbose stack     at emitTwo (events.js:106:13)
14 verbose stack     at EventEmitter.emit (events.js:191:7)
14 verbose stack     at ChildProcess.<anonymous> (C:\Program Files\nodejs\node_modules\npm\lib\utils\spawn.js:24:14)
14 verbose stack     at emitTwo (events.js:106:13)
14 verbose stack     at ChildProcess.emit (events.js:191:7)
14 verbose stack     at maybeClose (internal/child_process.js:850:16)
14 verbose stack     at Process.ChildProcess._handle.onexit (internal/child_process.js:215:5)
15 verbose pkgid cms@0.0.0
16 verbose cwd D:\cms
17 error Windows_NT 6.1.7601
18 error argv "C:\\Program Files\\nodejs\\node.exe" "C:\\Program Files\\nodejs\\node_modules\\npm\\bin\\npm-cli.js" "run" "start"
19 error node v6.2.0
20 error npm  v3.8.9
21 error code ELIFECYCLE
22 error cms@0.0.0 start: `node ./bin/www`
22 error Exit status 1
23 error Failed at the cms@0.0.0 start script 'node ./bin/www'.
23 error Make sure you have the latest version of node.js and npm installed.
23 error If you do, this is most likely a problem with the cms package,
23 error not with npm itself.
23 error Tell the author that this fails on your system:
23 error     node ./bin/www
23 error You can get information on how to open an issue for this project with:
23 error     npm bugs cms
23 error Or if that isn't available, you can get their info via:
23 error     npm owner ls cms
23 error There is likely additional logging output above.
24 verbose exit [ 1, true ]
